0 info it worked if it ends with ok
1 verbose cli [ '/opt/local/bin/node',
1 verbose cli   '/opt/local/bin/npm',
1 verbose cli   'install',
1 verbose cli   '-f',
1 verbose cli   'spoton' ]
2 info using npm@1.4.6
3 info using node@v0.10.26
4 warn using --force I sure hope you know what you are doing.
5 verbose readDependencies using package.json deps
6 verbose cache add [ 'spoton', null ]
7 verbose cache add name=undefined spec="spoton" args=["spoton",null]
8 verbose parsed url { protocol: null,
8 verbose parsed url   slashes: null,
8 verbose parsed url   auth: null,
8 verbose parsed url   host: null,
8 verbose parsed url   port: null,
8 verbose parsed url   hostname: null,
8 verbose parsed url   hash: null,
8 verbose parsed url   search: null,
8 verbose parsed url   query: null,
8 verbose parsed url   pathname: 'spoton',
8 verbose parsed url   path: 'spoton',
8 verbose parsed url   href: 'spoton' }
9 silly lockFile b2fe7390-spoton spoton
10 verbose lock spoton /Users/sahilpatel/.npm/b2fe7390-spoton.lock
11 silly lockFile b2fe7390-spoton spoton
12 silly lockFile b2fe7390-spoton spoton
13 verbose addNamed [ 'spoton', '' ]
14 verbose addNamed [ null, '*' ]
15 silly lockFile 5334e95b-spoton spoton@
16 verbose lock spoton@ /Users/sahilpatel/.npm/5334e95b-spoton.lock
17 silly addNameRange { name: 'spoton', range: '*', hasData: false }
18 verbose url raw spoton
19 verbose url resolving [ 'https://registry.npmjs.org/', './spoton' ]
20 verbose url resolved https://registry.npmjs.org/spoton
21 info trying registry request attempt 1 at 15:27:24
22 http GET https://registry.npmjs.org/spoton
23 http 404 https://registry.npmjs.org/spoton
24 silly registry.get cb [ 404,
24 silly registry.get   { date: 'Mon, 04 Aug 2014 22:27:26 GMT',
24 silly registry.get     server: 'CouchDB/1.5.0 (Erlang OTP/R16B03)',
24 silly registry.get     'content-type': 'application/json',
24 silly registry.get     'cache-control': 'max-age=0',
24 silly registry.get     'content-length': '52',
24 silly registry.get     'accept-ranges': 'bytes',
24 silly registry.get     via: '1.1 varnish',
24 silly registry.get     age: '0',
24 silly registry.get     'x-served-by': 'cache-lax1425-LAX',
24 silly registry.get     'x-cache': 'MISS',
24 silly registry.get     'x-cache-hits': '0',
24 silly registry.get     'x-timer': 'S1407191246.061372,VS0,VE76',
24 silly registry.get     'keep-alive': 'timeout=10, max=50',
24 silly registry.get     connection: 'Keep-Alive' } ]
25 silly lockFile 5334e95b-spoton spoton@
26 silly lockFile 5334e95b-spoton spoton@
27 error 404 'spoton' is not in the npm registry.
27 error 404 You should bug the author to publish it
27 error 404 It was specified as a dependency of 'Enthusiast'
27 error 404
27 error 404 Note that you can also install from a
27 error 404 tarball, folder, or http url, or git url.
28 error System Darwin 13.2.0
29 error command "/opt/local/bin/node" "/opt/local/bin/npm" "install" "-f" "spoton"
30 error cwd /Users/sahilpatel/compsci/fullscale/enthusiast/desktop
31 error node -v v0.10.26
32 error npm -v 1.4.6
33 error code E404
34 verbose exit [ 1, true ]
